%!Adobe-FontList 1.22
%Locale:0x412

%BeginFont
Handler:DirectoryHandler
FontType:Invalid
OutlineFileName:E:\황은정\포트폴리오\(2)웹퍼블리싱\4_반응형웹2\반응형웹\Font\NeoDunggeunmoCode-Regular.woff
FileModTime:1653349214
%EndFont

%BeginFont
Handler:DirectoryHandler
FontType:Invalid
OutlineFileName:E:\황은정\포트폴리오\(2)웹퍼블리싱\4_반응형웹2\반응형웹\Font\NeoDunggeunmoCode-Regular.woff2
FileModTime:1653349214
%EndFont

%BeginFont
Handler:DirectoryHandler
FontType:Invalid
OutlineFileName:E:\황은정\포트폴리오\(2)웹퍼블리싱\4_반응형웹2\반응형웹\Font\demo.html
FileModTime:1653349214
%EndFont

%BeginFont
Handler:DirectoryHandler
FontType:Invalid
OutlineFileName:E:\황은정\포트폴리오\(2)웹퍼블리싱\4_반응형웹2\반응형웹\Font\stylesheet.css
FileModTime:1653349214
%EndFont

